<?xml version="1.0" encoding="UTF-8"?>
<Site BuildName="(empty)"
	BuildStamp="20240915-0852-Experimental"
	Name="(empty)"
	Generator="ctest-3.16.3"
	CompilerName=""
	CompilerVersion=""
	OSName="Linux"
	Hostname="MOE-5942567097"
	OSRelease="5.15.153.1-microsoft-standard-WSL2"
	OSVersion="#1 SMP Fri Mar 29 23:14:13 UTC 2024"
	OSPlatform="x86_64"
	Is64Bits="1"
	VendorString="AuthenticAMD"
	VendorID="Advanced Micro Devices"
	FamilyID="23"
	ModelID="24"
	ProcessorCacheSize="512"
	NumberOfLogicalCPU="4"
	NumberOfPhysicalCPU="2"
	TotalVirtualMemory="1024"
	TotalPhysicalMemory="2949"
	LogicalProcessorsPerPhysical="2"
	ProcessorClockFrequency="2595.04"
	>
	<Testing>
		<StartDateTime>Sep 15 19:12 IDT</StartDateTime>
		<StartTestTime>1726416759</StartTestTime>
		<TestList/>
		<EndDateTime>Sep 15 19:12 IDT</EndDateTime>
		<EndTestTime>1726416759</EndTestTime>
		<ElapsedMinutes>0</ElapsedMinutes>
	</Testing>
</Site>
